<?xml version="1.0" encoding="UTF-8"?>
<!-- Generated by org.testng.reporters.JUnitReportReporter -->
<testsuite skipped="0" hostname="DESKTOP-V01NHOK" name="test.SignUpPageTest" tests="1" failures="0" timestamp="2022-04-12T11:45:10 EET" time="13.479" errors="0">
  <testcase name="VerifyEmailErrorMsg" time="13.479" classname="test.SignUpPageTest"/>
  <system-out/>
</testsuite> <!-- test.SignUpPageTest -->
