<?xml version="1.0" encoding="UTF-8"?>
<!-- Generated by org.testng.reporters.JUnitReportReporter -->
<testsuite skipped="0" hostname="DESKTOP-V01NHOK" name="test.SignUpPageTest" tests="1" failures="0" timestamp="2022-04-12T12:42:06 EET" time="8.061" errors="0">
  <testcase name="VerifyPassWrdErrorMsg" time="8.061" classname="test.SignUpPageTest"/>
  <system-out/>
</testsuite> <!-- test.SignUpPageTest -->
